[0330/092346.830:ERROR:file_io_win.cc(179)] CreateFile C:\Program Files (x86)\Google\Chrome\settings.dat: Acceso denegado. (0x5)
[0330/092346.837:ERROR:registration_protocol_win.cc(84)] TransactNamedPipe: Ha terminado la canalización. (0x6D)
[0330/092346.839:ERROR:file_io_win.cc(179)] CreateFile C:\Program Files (x86)\Google\Chrome\settings.dat: Acceso denegado. (0x5)
[0330/100019.698:ERROR:file_io_win.cc(179)] CreateFile C:\Program Files (x86)\Google\Chrome\settings.dat: Acceso denegado. (0x5)
[0330/100019.705:ERROR:registration_protocol_win.cc(84)] TransactNamedPipe: Ha terminado la canalización. (0x6D)
[0330/100019.706:ERROR:file_io_win.cc(179)] CreateFile C:\Program Files (x86)\Google\Chrome\settings.dat: Acceso denegado. (0x5)
[0331/190056.205:ERROR:file_io_win.cc(179)] CreateFile C:\Program Files (x86)\Google\Chrome\settings.dat: Acceso denegado. (0x5)
[0331/190056.227:ERROR:registration_protocol_win.cc(84)] TransactNamedPipe: Ha terminado la canalización. (0x6D)
[0331/190056.228:ERROR:file_io_win.cc(179)] CreateFile C:\Program Files (x86)\Google\Chrome\settings.dat: Acceso denegado. (0x5)
[0331/200738.720:ERROR:file_io_win.cc(179)] CreateFile C:\Program Files (x86)\Google\Chrome\settings.dat: Acceso denegado. (0x5)
[0331/200738.725:ERROR:registration_protocol_win.cc(84)] TransactNamedPipe: Ha terminado la canalización. (0x6D)
[0331/200738.726:ERROR:file_io_win.cc(179)] CreateFile C:\Program Files (x86)\Google\Chrome\settings.dat: Acceso denegado. (0x5)
[0404/163752.179:ERROR:file_io_win.cc(179)] CreateFile C:\Program Files (x86)\Google\Chrome\settings.dat: Acceso denegado. (0x5)
[0404/163752.195:ERROR:registration_protocol_win.cc(84)] TransactNamedPipe: Ha terminado la canalización. (0x6D)
[0404/163752.195:ERROR:file_io_win.cc(179)] CreateFile C:\Program Files (x86)\Google\Chrome\settings.dat: Acceso denegado. (0x5)
[0404/180531.771:ERROR:file_io_win.cc(179)] CreateFile C:\Program Files (x86)\Google\Chrome\settings.dat: Acceso denegado. (0x5)
[0404/180531.776:ERROR:registration_protocol_win.cc(84)] TransactNamedPipe: Ha terminado la canalización. (0x6D)
[0404/180531.777:ERROR:file_io_win.cc(179)] CreateFile C:\Program Files (x86)\Google\Chrome\settings.dat: Acceso denegado. (0x5)
[0404/181138.465:ERROR:file_io_win.cc(179)] CreateFile C:\Program Files (x86)\Google\Chrome\settings.dat: Acceso denegado. (0x5)
[0404/181138.469:ERROR:registration_protocol_win.cc(84)] TransactNamedPipe: Ha terminado la canalización. (0x6D)
[0404/181138.471:ERROR:file_io_win.cc(179)] CreateFile C:\Program Files (x86)\Google\Chrome\settings.dat: Acceso denegado. (0x5)
[0405/112701.927:ERROR:file_io_win.cc(179)] CreateFile C:\Program Files (x86)\Google\Chrome\settings.dat: Acceso denegado. (0x5)
[0405/112701.939:ERROR:registration_protocol_win.cc(84)] TransactNamedPipe: Ha terminado la canalización. (0x6D)
[0405/112701.940:ERROR:file_io_win.cc(179)] CreateFile C:\Program Files (x86)\Google\Chrome\settings.dat: Acceso denegado. (0x5)
[0405/181209.518:ERROR:file_io_win.cc(179)] CreateFile C:\Program Files (x86)\Google\Chrome\settings.dat: Acceso denegado. (0x5)
[0405/181209.585:ERROR:registration_protocol_win.cc(84)] TransactNamedPipe: Ha terminado la canalización. (0x6D)
[0405/181209.586:ERROR:file_io_win.cc(179)] CreateFile C:\Program Files (x86)\Google\Chrome\settings.dat: Acceso denegado. (0x5)
[0405/202259.057:ERROR:file_io_win.cc(179)] CreateFile C:\Program Files (x86)\Google\Chrome\settings.dat: Acceso denegado. (0x5)
[0405/202259.062:ERROR:registration_protocol_win.cc(84)] TransactNamedPipe: Ha terminado la canalización. (0x6D)
[0405/202259.063:ERROR:file_io_win.cc(179)] CreateFile C:\Program Files (x86)\Google\Chrome\settings.dat: Acceso denegado. (0x5)
[0413/160515.498:ERROR:file_io_win.cc(179)] CreateFile C:\Program Files (x86)\Google\Chrome\settings.dat: Acceso denegado. (0x5)
[0413/160515.515:ERROR:registration_protocol_win.cc(84)] TransactNamedPipe: Ha terminado la canalización. (0x6D)
[0413/160515.516:ERROR:file_io_win.cc(179)] CreateFile C:\Program Files (x86)\Google\Chrome\settings.dat: Acceso denegado. (0x5)
[0413/190544.099:ERROR:file_io_win.cc(179)] CreateFile C:\Program Files (x86)\Google\Chrome\settings.dat: Acceso denegado. (0x5)
[0413/190544.113:ERROR:registration_protocol_win.cc(84)] TransactNamedPipe: Ha terminado la canalización. (0x6D)
[0413/190544.114:ERROR:file_io_win.cc(179)] CreateFile C:\Program Files (x86)\Google\Chrome\settings.dat: Acceso denegado. (0x5)
[0414/164403.322:ERROR:file_io_win.cc(179)] CreateFile C:\Program Files (x86)\Google\Chrome\settings.dat: Acceso denegado. (0x5)
[0414/164403.332:ERROR:registration_protocol_win.cc(84)] TransactNamedPipe: Ha terminado la canalización. (0x6D)
[0414/164403.332:ERROR:file_io_win.cc(179)] CreateFile C:\Program Files (x86)\Google\Chrome\settings.dat: Acceso denegado. (0x5)
[0422/141655.200:ERROR:file_io_win.cc(179)] CreateFile C:\Program Files (x86)\Google\Chrome\settings.dat: Acceso denegado. (0x5)
[0422/141655.226:ERROR:registration_protocol_win.cc(131)] TransactNamedPipe: Ha terminado la canalización. (0x6D)
[0422/141655.227:ERROR:file_io_win.cc(179)] CreateFile C:\Program Files (x86)\Google\Chrome\settings.dat: Acceso denegado. (0x5)
[0422/141916.154:ERROR:file_io_win.cc(179)] CreateFile C:\Program Files (x86)\Google\Chrome\settings.dat: Acceso denegado. (0x5)
[0422/141916.160:ERROR:registration_protocol_win.cc(131)] TransactNamedPipe: Ha terminado la canalización. (0x6D)
[0422/141916.161:ERROR:file_io_win.cc(179)] CreateFile C:\Program Files (x86)\Google\Chrome\settings.dat: Acceso denegado. (0x5)
[0422/150346.028:ERROR:file_io_win.cc(179)] CreateFile C:\Program Files (x86)\Google\Chrome\settings.dat: Acceso denegado. (0x5)
[0422/150346.033:ERROR:registration_protocol_win.cc(131)] TransactNamedPipe: Ha terminado la canalización. (0x6D)
[0422/150346.034:ERROR:file_io_win.cc(179)] CreateFile C:\Program Files (x86)\Google\Chrome\settings.dat: Acceso denegado. (0x5)
[0422/181600.587:ERROR:file_io_win.cc(179)] CreateFile C:\Program Files (x86)\Google\Chrome\settings.dat: Acceso denegado. (0x5)
[0422/181600.593:ERROR:registration_protocol_win.cc(131)] TransactNamedPipe: Ha terminado la canalización. (0x6D)
[0422/181600.594:ERROR:file_io_win.cc(179)] CreateFile C:\Program Files (x86)\Google\Chrome\settings.dat: Acceso denegado. (0x5)
[0422/184303.930:ERROR:file_io_win.cc(179)] CreateFile C:\Program Files (x86)\Google\Chrome\settings.dat: Acceso denegado. (0x5)
[0422/184303.933:ERROR:registration_protocol_win.cc(131)] TransactNamedPipe: Ha terminado la canalización. (0x6D)
[0422/184303.934:ERROR:file_io_win.cc(179)] CreateFile C:\Program Files (x86)\Google\Chrome\settings.dat: Acceso denegado. (0x5)
[0422/185130.541:ERROR:file_io_win.cc(179)] CreateFile C:\Program Files (x86)\Google\Chrome\settings.dat: Acceso denegado. (0x5)
[0422/185130.548:ERROR:registration_protocol_win.cc(131)] TransactNamedPipe: Ha terminado la canalización. (0x6D)
[0422/185130.549:ERROR:file_io_win.cc(179)] CreateFile C:\Program Files (x86)\Google\Chrome\settings.dat: Acceso denegado. (0x5)
[0423/114705.275:ERROR:file_io_win.cc(179)] CreateFile C:\Program Files (x86)\Google\Chrome\settings.dat: Acceso denegado. (0x5)
[0423/114705.280:ERROR:registration_protocol_win.cc(131)] TransactNamedPipe: Ha terminado la canalización. (0x6D)
[0423/114705.281:ERROR:file_io_win.cc(179)] CreateFile C:\Program Files (x86)\Google\Chrome\settings.dat: Acceso denegado. (0x5)
[0423/124721.719:ERROR:file_io_win.cc(179)] CreateFile C:\Program Files (x86)\Google\Chrome\settings.dat: Acceso denegado. (0x5)
[0423/124721.725:ERROR:registration_protocol_win.cc(131)] TransactNamedPipe: Ha terminado la canalización. (0x6D)
[0423/124721.727:ERROR:file_io_win.cc(179)] CreateFile C:\Program Files (x86)\Google\Chrome\settings.dat: Acceso denegado. (0x5)
[0423/130842.883:ERROR:file_io_win.cc(179)] CreateFile C:\Program Files (x86)\Google\Chrome\settings.dat: Acceso denegado. (0x5)
[0423/130842.890:ERROR:registration_protocol_win.cc(131)] TransactNamedPipe: Ha terminado la canalización. (0x6D)
[0423/130842.891:ERROR:file_io_win.cc(179)] CreateFile C:\Program Files (x86)\Google\Chrome\settings.dat: Acceso denegado. (0x5)
[0423/133650.964:ERROR:file_io_win.cc(179)] CreateFile C:\Program Files (x86)\Google\Chrome\settings.dat: Acceso denegado. (0x5)
[0423/133650.972:ERROR:registration_protocol_win.cc(131)] TransactNamedPipe: Ha terminado la canalización. (0x6D)
[0423/133650.973:ERROR:file_io_win.cc(179)] CreateFile C:\Program Files (x86)\Google\Chrome\settings.dat: Acceso denegado. (0x5)
[0423/153346.257:ERROR:file_io_win.cc(179)] CreateFile C:\Program Files (x86)\Google\Chrome\settings.dat: Acceso denegado. (0x5)
[0423/153346.262:ERROR:registration_protocol_win.cc(131)] TransactNamedPipe: Ha terminado la canalización. (0x6D)
[0423/153346.264:ERROR:file_io_win.cc(179)] CreateFile C:\Program Files (x86)\Google\Chrome\settings.dat: Acceso denegado. (0x5)
[0423/154311.211:ERROR:file_io_win.cc(179)] CreateFile C:\Program Files (x86)\Google\Chrome\settings.dat: Acceso denegado. (0x5)
[0423/154311.217:ERROR:registration_protocol_win.cc(131)] TransactNamedPipe: Ha terminado la canalización. (0x6D)
[0423/154311.218:ERROR:file_io_win.cc(179)] CreateFile C:\Program Files (x86)\Google\Chrome\settings.dat: Acceso denegado. (0x5)
[0423/161706.497:ERROR:file_io_win.cc(179)] CreateFile C:\Program Files (x86)\Google\Chrome\settings.dat: Acceso denegado. (0x5)
[0423/161706.504:ERROR:registration_protocol_win.cc(131)] TransactNamedPipe: Ha terminado la canalización. (0x6D)
[0423/161706.505:ERROR:file_io_win.cc(179)] CreateFile C:\Program Files (x86)\Google\Chrome\settings.dat: Acceso denegado. (0x5)
[0423/162333.365:ERROR:file_io_win.cc(179)] CreateFile C:\Program Files (x86)\Google\Chrome\settings.dat: Acceso denegado. (0x5)
[0423/162333.372:ERROR:registration_protocol_win.cc(131)] TransactNamedPipe: Ha terminado la canalización. (0x6D)
[0423/162333.373:ERROR:file_io_win.cc(179)] CreateFile C:\Program Files (x86)\Google\Chrome\settings.dat: Acceso denegado. (0x5)
[0423/163308.652:ERROR:file_io_win.cc(179)] CreateFile C:\Program Files (x86)\Google\Chrome\settings.dat: Acceso denegado. (0x5)
[0423/163308.661:ERROR:registration_protocol_win.cc(131)] TransactNamedPipe: Ha terminado la canalización. (0x6D)
[0423/163308.662:ERROR:file_io_win.cc(179)] CreateFile C:\Program Files (x86)\Google\Chrome\settings.dat: Acceso denegado. (0x5)
[0423/164100.822:ERROR:file_io_win.cc(179)] CreateFile C:\Program Files (x86)\Google\Chrome\settings.dat: Acceso denegado. (0x5)
[0423/164100.829:ERROR:registration_protocol_win.cc(131)] TransactNamedPipe: Ha terminado la canalización. (0x6D)
[0423/164100.830:ERROR:file_io_win.cc(179)] CreateFile C:\Program Files (x86)\Google\Chrome\settings.dat: Acceso denegado. (0x5)
[0423/165515.821:ERROR:file_io_win.cc(179)] CreateFile C:\Program Files (x86)\Google\Chrome\settings.dat: Acceso denegado. (0x5)
[0423/165515.827:ERROR:registration_protocol_win.cc(131)] TransactNamedPipe: Ha terminado la canalización. (0x6D)
[0423/165515.828:ERROR:file_io_win.cc(179)] CreateFile C:\Program Files (x86)\Google\Chrome\settings.dat: Acceso denegado. (0x5)
[0423/172746.468:ERROR:file_io_win.cc(179)] CreateFile C:\Program Files (x86)\Google\Chrome\settings.dat: Acceso denegado. (0x5)
[0423/172746.474:ERROR:registration_protocol_win.cc(131)] TransactNamedPipe: Ha terminado la canalización. (0x6D)
[0423/172746.475:ERROR:file_io_win.cc(179)] CreateFile C:\Program Files (x86)\Google\Chrome\settings.dat: Acceso denegado. (0x5)
[0423/180840.901:ERROR:file_io_win.cc(179)] CreateFile C:\Program Files (x86)\Google\Chrome\settings.dat: Acceso denegado. (0x5)
[0423/180840.907:ERROR:registration_protocol_win.cc(131)] TransactNamedPipe: Ha terminado la canalización. (0x6D)
[0423/180840.909:ERROR:file_io_win.cc(179)] CreateFile C:\Program Files (x86)\Google\Chrome\settings.dat: Acceso denegado. (0x5)
[0423/182049.367:ERROR:file_io_win.cc(179)] CreateFile C:\Program Files (x86)\Google\Chrome\settings.dat: Acceso denegado. (0x5)
[0423/182049.371:ERROR:registration_protocol_win.cc(131)] TransactNamedPipe: Ha terminado la canalización. (0x6D)
[0423/182049.372:ERROR:file_io_win.cc(179)] CreateFile C:\Program Files (x86)\Google\Chrome\settings.dat: Acceso denegado. (0x5)
[0423/183022.975:ERROR:file_io_win.cc(179)] CreateFile C:\Program Files (x86)\Google\Chrome\settings.dat: Acceso denegado. (0x5)
[0423/183022.981:ERROR:registration_protocol_win.cc(131)] TransactNamedPipe: Ha terminado la canalización. (0x6D)
[0423/183022.982:ERROR:file_io_win.cc(179)] CreateFile C:\Program Files (x86)\Google\Chrome\settings.dat: Acceso denegado. (0x5)
[0423/190302.428:ERROR:file_io_win.cc(179)] CreateFile C:\Program Files (x86)\Google\Chrome\settings.dat: Acceso denegado. (0x5)
[0423/190302.433:ERROR:registration_protocol_win.cc(131)] TransactNamedPipe: Ha terminado la canalización. (0x6D)
[0423/190302.434:ERROR:file_io_win.cc(179)] CreateFile C:\Program Files (x86)\Google\Chrome\settings.dat: Acceso denegado. (0x5)
[0423/192640.205:ERROR:file_io_win.cc(179)] CreateFile C:\Program Files (x86)\Google\Chrome\settings.dat: Acceso denegado. (0x5)
[0423/192640.209:ERROR:registration_protocol_win.cc(131)] TransactNamedPipe: Ha terminado la canalización. (0x6D)
[0423/192640.210:ERROR:file_io_win.cc(179)] CreateFile C:\Program Files (x86)\Google\Chrome\settings.dat: Acceso denegado. (0x5)
[0424/114606.573:ERROR:file_io_win.cc(179)] CreateFile C:\Program Files (x86)\Google\Chrome\settings.dat: Acceso denegado. (0x5)
[0424/114606.578:ERROR:registration_protocol_win.cc(131)] TransactNamedPipe: Ha terminado la canalización. (0x6D)
[0424/114606.579:ERROR:file_io_win.cc(179)] CreateFile C:\Program Files (x86)\Google\Chrome\settings.dat: Acceso denegado. (0x5)
[0424/123256.211:ERROR:file_io_win.cc(179)] CreateFile C:\Program Files (x86)\Google\Chrome\settings.dat: Acceso denegado. (0x5)
[0424/123256.217:ERROR:registration_protocol_win.cc(131)] TransactNamedPipe: Ha terminado la canalización. (0x6D)
[0424/123256.218:ERROR:file_io_win.cc(179)] CreateFile C:\Program Files (x86)\Google\Chrome\settings.dat: Acceso denegado. (0x5)
[0424/124217.200:ERROR:file_io_win.cc(179)] CreateFile C:\Program Files (x86)\Google\Chrome\settings.dat: Acceso denegado. (0x5)
[0424/124217.207:ERROR:registration_protocol_win.cc(131)] TransactNamedPipe: Ha terminado la canalización. (0x6D)
[0424/124217.207:ERROR:file_io_win.cc(179)] CreateFile C:\Program Files (x86)\Google\Chrome\settings.dat: Acceso denegado. (0x5)
[0424/131423.332:ERROR:file_io_win.cc(179)] CreateFile C:\Program Files (x86)\Google\Chrome\settings.dat: Acceso denegado. (0x5)
[0424/131423.335:ERROR:registration_protocol_win.cc(131)] TransactNamedPipe: Ha terminado la canalización. (0x6D)
[0424/131423.335:ERROR:file_io_win.cc(179)] CreateFile C:\Program Files (x86)\Google\Chrome\settings.dat: Acceso denegado. (0x5)
[0424/133703.556:ERROR:file_io_win.cc(179)] CreateFile C:\Program Files (x86)\Google\Chrome\settings.dat: Acceso denegado. (0x5)
[0424/133703.556:ERROR:registration_protocol_win.cc(131)] TransactNamedPipe: Ha terminado la canalización. (0x6D)
[0424/133703.556:ERROR:file_io_win.cc(179)] CreateFile C:\Program Files (x86)\Google\Chrome\settings.dat: Acceso denegado. (0x5)
[0424/134353.754:ERROR:file_io_win.cc(179)] CreateFile C:\Program Files (x86)\Google\Chrome\settings.dat: Acceso denegado. (0x5)
[0424/134353.760:ERROR:registration_protocol_win.cc(131)] TransactNamedPipe: Ha terminado la canalización. (0x6D)
[0424/134353.761:ERROR:file_io_win.cc(179)] CreateFile C:\Program Files (x86)\Google\Chrome\settings.dat: Acceso denegado. (0x5)
[0424/154233.392:ERROR:file_io_win.cc(179)] CreateFile C:\Program Files (x86)\Google\Chrome\settings.dat: Acceso denegado. (0x5)
[0424/154233.403:ERROR:registration_protocol_win.cc(131)] TransactNamedPipe: Ha terminado la canalización. (0x6D)
[0424/154233.404:ERROR:file_io_win.cc(179)] CreateFile C:\Program Files (x86)\Google\Chrome\settings.dat: Acceso denegado. (0x5)
[0424/154801.397:ERROR:file_io_win.cc(179)] CreateFile C:\Program Files (x86)\Google\Chrome\settings.dat: Acceso denegado. (0x5)
[0424/154801.400:ERROR:registration_protocol_win.cc(131)] TransactNamedPipe: Ha terminado la canalización. (0x6D)
[0424/154801.402:ERROR:file_io_win.cc(179)] CreateFile C:\Program Files (x86)\Google\Chrome\settings.dat: Acceso denegado. (0x5)
[0424/162109.430:ERROR:file_io_win.cc(179)] CreateFile C:\Program Files (x86)\Google\Chrome\settings.dat: Acceso denegado. (0x5)
[0424/162109.437:ERROR:registration_protocol_win.cc(131)] TransactNamedPipe: Ha terminado la canalización. (0x6D)
[0424/162109.438:ERROR:file_io_win.cc(179)] CreateFile C:\Program Files (x86)\Google\Chrome\settings.dat: Acceso denegado. (0x5)
[0424/170027.749:ERROR:file_io_win.cc(179)] CreateFile C:\Program Files (x86)\Google\Chrome\settings.dat: Acceso denegado. (0x5)
[0424/170027.765:ERROR:registration_protocol_win.cc(131)] TransactNamedPipe: Ha terminado la canalización. (0x6D)
[0424/170027.765:ERROR:file_io_win.cc(179)] CreateFile C:\Program Files (x86)\Google\Chrome\settings.dat: Acceso denegado. (0x5)
[0424/174608.186:ERROR:file_io_win.cc(179)] CreateFile C:\Program Files (x86)\Google\Chrome\settings.dat: Acceso denegado. (0x5)
[0424/174608.201:ERROR:registration_protocol_win.cc(131)] TransactNamedPipe: Ha terminado la canalización. (0x6D)
[0424/174608.201:ERROR:file_io_win.cc(179)] CreateFile C:\Program Files (x86)\Google\Chrome\settings.dat: Acceso denegado. (0x5)
[0424/180836.503:ERROR:file_io_win.cc(179)] CreateFile C:\Program Files (x86)\Google\Chrome\settings.dat: Acceso denegado. (0x5)
[0424/180836.510:ERROR:registration_protocol_win.cc(131)] TransactNamedPipe: Ha terminado la canalización. (0x6D)
[0424/180836.510:ERROR:file_io_win.cc(179)] CreateFile C:\Program Files (x86)\Google\Chrome\settings.dat: Acceso denegado. (0x5)
[0424/185751.377:ERROR:file_io_win.cc(179)] CreateFile C:\Program Files (x86)\Google\Chrome\settings.dat: Acceso denegado. (0x5)
[0424/185751.384:ERROR:registration_protocol_win.cc(131)] TransactNamedPipe: Ha terminado la canalización. (0x6D)
[0424/185751.385:ERROR:file_io_win.cc(179)] CreateFile C:\Program Files (x86)\Google\Chrome\settings.dat: Acceso denegado. (0x5)
[0424/191521.370:ERROR:file_io_win.cc(179)] CreateFile C:\Program Files (x86)\Google\Chrome\settings.dat: Acceso denegado. (0x5)
[0424/191521.383:ERROR:registration_protocol_win.cc(131)] TransactNamedPipe: Ha terminado la canalización. (0x6D)
[0424/191521.384:ERROR:file_io_win.cc(179)] CreateFile C:\Program Files (x86)\Google\Chrome\settings.dat: Acceso denegado. (0x5)
[0424/193255.363:ERROR:file_io_win.cc(179)] CreateFile C:\Program Files (x86)\Google\Chrome\settings.dat: Acceso denegado. (0x5)
[0424/193255.363:ERROR:registration_protocol_win.cc(131)] TransactNamedPipe: Ha terminado la canalización. (0x6D)
[0424/193255.363:ERROR:file_io_win.cc(179)] CreateFile C:\Program Files (x86)\Google\Chrome\settings.dat: Acceso denegado. (0x5)
[0424/202645.243:ERROR:file_io_win.cc(179)] CreateFile C:\Program Files (x86)\Google\Chrome\settings.dat: Acceso denegado. (0x5)
[0424/202645.248:ERROR:registration_protocol_win.cc(131)] TransactNamedPipe: Ha terminado la canalización. (0x6D)
[0424/202645.249:ERROR:file_io_win.cc(179)] CreateFile C:\Program Files (x86)\Google\Chrome\settings.dat: Acceso denegado. (0x5)
[0425/091901.497:ERROR:file_io_win.cc(179)] CreateFile C:\Program Files (x86)\Google\Chrome\settings.dat: Acceso denegado. (0x5)
[0425/091901.513:ERROR:registration_protocol_win.cc(131)] TransactNamedPipe: Ha terminado la canalización. (0x6D)
[0425/091901.513:ERROR:file_io_win.cc(179)] CreateFile C:\Program Files (x86)\Google\Chrome\settings.dat: Acceso denegado. (0x5)
[0425/094546.944:ERROR:file_io_win.cc(179)] CreateFile C:\Program Files (x86)\Google\Chrome\settings.dat: Acceso denegado. (0x5)
[0425/094546.949:ERROR:registration_protocol_win.cc(131)] TransactNamedPipe: Ha terminado la canalización. (0x6D)
[0425/094546.950:ERROR:file_io_win.cc(179)] CreateFile C:\Program Files (x86)\Google\Chrome\settings.dat: Acceso denegado. (0x5)
[0425/101744.315:ERROR:file_io_win.cc(179)] CreateFile C:\Program Files (x86)\Google\Chrome\settings.dat: Acceso denegado. (0x5)
[0425/101744.320:ERROR:registration_protocol_win.cc(131)] TransactNamedPipe: Ha terminado la canalización. (0x6D)
[0425/101744.321:ERROR:file_io_win.cc(179)] CreateFile C:\Program Files (x86)\Google\Chrome\settings.dat: Acceso denegado. (0x5)
[0425/104604.533:ERROR:file_io_win.cc(179)] CreateFile C:\Program Files (x86)\Google\Chrome\settings.dat: Acceso denegado. (0x5)
[0425/104604.549:ERROR:registration_protocol_win.cc(131)] TransactNamedPipe: Ha terminado la canalización. (0x6D)
[0425/104604.549:ERROR:file_io_win.cc(179)] CreateFile C:\Program Files (x86)\Google\Chrome\settings.dat: Acceso denegado. (0x5)
[0425/113153.896:ERROR:file_io_win.cc(179)] CreateFile C:\Program Files (x86)\Google\Chrome\settings.dat: Acceso denegado. (0x5)
[0425/113153.905:ERROR:registration_protocol_win.cc(131)] TransactNamedPipe: Ha terminado la canalización. (0x6D)
[0425/113153.906:ERROR:file_io_win.cc(179)] CreateFile C:\Program Files (x86)\Google\Chrome\settings.dat: Acceso denegado. (0x5)
[0425/122013.432:ERROR:file_io_win.cc(179)] CreateFile C:\Program Files (x86)\Google\Chrome\settings.dat: Acceso denegado. (0x5)
[0425/122013.448:ERROR:registration_protocol_win.cc(131)] TransactNamedPipe: Ha terminado la canalización. (0x6D)
[0425/122013.448:ERROR:file_io_win.cc(179)] CreateFile C:\Program Files (x86)\Google\Chrome\settings.dat: Acceso denegado. (0x5)
[0425/123954.475:ERROR:file_io_win.cc(179)] CreateFile C:\Program Files (x86)\Google\Chrome\settings.dat: Acceso denegado. (0x5)
[0425/123954.482:ERROR:registration_protocol_win.cc(131)] TransactNamedPipe: Ha terminado la canalización. (0x6D)
[0425/123954.483:ERROR:file_io_win.cc(179)] CreateFile C:\Program Files (x86)\Google\Chrome\settings.dat: Acceso denegado. (0x5)
[0425/190125.882:ERROR:file_io_win.cc(179)] CreateFile C:\Program Files (x86)\Google\Chrome\settings.dat: Acceso denegado. (0x5)
[0425/190125.889:ERROR:registration_protocol_win.cc(131)] TransactNamedPipe: Ha terminado la canalización. (0x6D)
[0425/190125.890:ERROR:file_io_win.cc(179)] CreateFile C:\Program Files (x86)\Google\Chrome\settings.dat: Acceso denegado. (0x5)
[0425/193442.726:ERROR:file_io_win.cc(179)] CreateFile C:\Program Files (x86)\Google\Chrome\settings.dat: Acceso denegado. (0x5)
[0425/193442.743:ERROR:registration_protocol_win.cc(131)] TransactNamedPipe: Ha terminado la canalización. (0x6D)
[0425/193442.744:ERROR:file_io_win.cc(179)] CreateFile C:\Program Files (x86)\Google\Chrome\settings.dat: Acceso denegado. (0x5)
<<<<<<< HEAD
=======
<<<<<<< HEAD
[0428/170956.817:ERROR:file_io_win.cc(179)] CreateFile C:\Program Files (x86)\Google\Chrome\settings.dat: Acceso denegado. (0x5)
[0428/170956.834:ERROR:registration_protocol_win.cc(131)] TransactNamedPipe: Ha terminado la canalización. (0x6D)
[0428/170956.835:ERROR:file_io_win.cc(179)] CreateFile C:\Program Files (x86)\Google\Chrome\settings.dat: Acceso denegado. (0x5)
[0430/121932.930:ERROR:file_io_win.cc(179)] CreateFile C:\Program Files (x86)\Google\Chrome\settings.dat: Acceso denegado. (0x5)
[0430/121932.951:ERROR:registration_protocol_win.cc(131)] TransactNamedPipe: Ha terminado la canalización. (0x6D)
[0430/121932.952:ERROR:file_io_win.cc(179)] CreateFile C:\Program Files (x86)\Google\Chrome\settings.dat: Acceso denegado. (0x5)
=======
[0427/171524.992:ERROR:file_io_win.cc(179)] CreateFile C:\Program Files (x86)\Google\Chrome\settings.dat: Acceso denegado. (0x5)
[0427/171524.996:ERROR:registration_protocol_win.cc(131)] TransactNamedPipe: Ha terminado la canalización. (0x6D)
[0427/171524.997:ERROR:file_io_win.cc(179)] CreateFile C:\Program Files (x86)\Google\Chrome\settings.dat: Acceso denegado. (0x5)
[0427/192716.678:ERROR:file_io_win.cc(179)] CreateFile C:\Program Files (x86)\Google\Chrome\settings.dat: Acceso denegado. (0x5)
[0427/192716.683:ERROR:registration_protocol_win.cc(131)] TransactNamedPipe: Ha terminado la canalización. (0x6D)
[0427/192716.684:ERROR:file_io_win.cc(179)] CreateFile C:\Program Files (x86)\Google\Chrome\settings.dat: Acceso denegado. (0x5)
[0428/084726.852:ERROR:file_io_win.cc(179)] CreateFile C:\Program Files (x86)\Google\Chrome\settings.dat: Acceso denegado. (0x5)
[0428/084726.852:ERROR:registration_protocol_win.cc(131)] TransactNamedPipe: Ha terminado la canalización. (0x6D)
[0428/084726.852:ERROR:file_io_win.cc(179)] CreateFile C:\Program Files (x86)\Google\Chrome\settings.dat: Acceso denegado. (0x5)
[0430/125557.726:ERROR:file_io_win.cc(179)] CreateFile C:\Program Files (x86)\Google\Chrome\settings.dat: Acceso denegado. (0x5)
[0430/125557.732:ERROR:registration_protocol_win.cc(131)] TransactNamedPipe: Ha terminado la canalización. (0x6D)
[0430/125557.733:ERROR:file_io_win.cc(179)] CreateFile C:\Program Files (x86)\Google\Chrome\settings.dat: Acceso denegado. (0x5)
[0430/130350.620:ERROR:file_io_win.cc(179)] CreateFile C:\Program Files (x86)\Google\Chrome\settings.dat: Acceso denegado. (0x5)
[0430/130350.627:ERROR:registration_protocol_win.cc(131)] TransactNamedPipe: Ha terminado la canalización. (0x6D)
[0430/130350.628:ERROR:file_io_win.cc(179)] CreateFile C:\Program Files (x86)\Google\Chrome\settings.dat: Acceso denegado. (0x5)
>>>>>>> filter-improvements
[0430/142028.848:ERROR:file_io_win.cc(179)] CreateFile C:\Program Files (x86)\Google\Chrome\settings.dat: Acceso denegado. (0x5)
[0430/142028.853:ERROR:registration_protocol_win.cc(131)] TransactNamedPipe: Ha terminado la canalización. (0x6D)
[0430/142028.854:ERROR:file_io_win.cc(179)] CreateFile C:\Program Files (x86)\Google\Chrome\settings.dat: Acceso denegado. (0x5)
[0430/143648.431:ERROR:file_io_win.cc(179)] CreateFile C:\Program Files (x86)\Google\Chrome\settings.dat: Acceso denegado. (0x5)
[0430/143648.437:ERROR:registration_protocol_win.cc(131)] TransactNamedPipe: Ha terminado la canalización. (0x6D)
[0430/143648.438:ERROR:file_io_win.cc(179)] CreateFile C:\Program Files (x86)\Google\Chrome\settings.dat: Acceso denegado. (0x5)
[0430/205136.451:ERROR:file_io_win.cc(179)] CreateFile C:\Program Files (x86)\Google\Chrome\settings.dat: Acceso denegado. (0x5)
[0430/205136.456:ERROR:registration_protocol_win.cc(131)] TransactNamedPipe: Ha terminado la canalización. (0x6D)
[0430/205136.457:ERROR:file_io_win.cc(179)] CreateFile C:\Program Files (x86)\Google\Chrome\settings.dat: Acceso denegado. (0x5)
[0430/210254.476:ERROR:file_io_win.cc(179)] CreateFile C:\Program Files (x86)\Google\Chrome\settings.dat: Acceso denegado. (0x5)
[0430/210254.481:ERROR:registration_protocol_win.cc(131)] TransactNamedPipe: Ha terminado la canalización. (0x6D)
[0430/210254.482:ERROR:file_io_win.cc(179)] CreateFile C:\Program Files (x86)\Google\Chrome\settings.dat: Acceso denegado. (0x5)
[0430/224015.559:ERROR:file_io_win.cc(179)] CreateFile C:\Program Files (x86)\Google\Chrome\settings.dat: Acceso denegado. (0x5)
[0430/224015.565:ERROR:registration_protocol_win.cc(131)] TransactNamedPipe: Ha terminado la canalización. (0x6D)
[0430/224015.566:ERROR:file_io_win.cc(179)] CreateFile C:\Program Files (x86)\Google\Chrome\settings.dat: Acceso denegado. (0x5)
>>>>>>> master
[0501/105634.613:ERROR:file_io_win.cc(179)] CreateFile C:\Program Files (x86)\Google\Chrome\settings.dat: Acceso denegado. (0x5)
[0501/105634.629:ERROR:registration_protocol_win.cc(131)] TransactNamedPipe: Ha terminado la canalización. (0x6D)
[0501/105634.629:ERROR:file_io_win.cc(179)] CreateFile C:\Program Files (x86)\Google\Chrome\settings.dat: Acceso denegado. (0x5)
[0501/121229.659:ERROR:file_io_win.cc(179)] CreateFile C:\Program Files (x86)\Google\Chrome\settings.dat: Acceso denegado. (0x5)
[0501/121229.665:ERROR:registration_protocol_win.cc(131)] TransactNamedPipe: Ha terminado la canalización. (0x6D)
[0501/121229.666:ERROR:file_io_win.cc(179)] CreateFile C:\Program Files (x86)\Google\Chrome\settings.dat: Acceso denegado. (0x5)
[0501/124226.032:ERROR:file_io_win.cc(179)] CreateFile C:\Program Files (x86)\Google\Chrome\settings.dat: Acceso denegado. (0x5)
[0501/124226.043:ERROR:registration_protocol_win.cc(131)] TransactNamedPipe: Ha terminado la canalización. (0x6D)
[0501/124226.044:ERROR:file_io_win.cc(179)] CreateFile C:\Program Files (x86)\Google\Chrome\settings.dat: Acceso denegado. (0x5)
